Flutter crash report.
Please report a bug at https://github.com/flutter/flutter/issues.

## command

flutter run

## exception

PathAccessException: PathAccessException: Deletion failed, path = 'C:\Users\Stephen Thompson\Documents\Code\Elearningwork\draw2\.android' (OS Error: The process cannot access the file because it is being used by another process.
, errno = 32)

```
#0      _Directory._deleteSync (dart:io/directory_impl.dart:188:7)
#1      FileSystemEntity.deleteSync (dart:io/file_system_entity.dart:407:7)
#2      ForwardingFileSystemEntity.deleteSync (package:file/src/forwarding/forwarding_file_system_entity.dart:70:16)
#3      ErrorHandlingDirectory.deleteSync.<anonymous closure> (package:flutter_tools/src/base/error_handling_io.dart:492:22)
#4      _runSync (package:flutter_tools/src/base/error_handling_io.dart:600:14)
#5      ErrorHandlingDirectory.deleteSync (package:flutter_tools/src/base/error_handling_io.dart:491:12)
#6      ErrorHandlingFileSystem.deleteIfExists (package:flutter_tools/src/base/error_handling_io.dart:84:14)
#7      AndroidProject._regenerateLibrary (package:flutter_tools/src/project.dart:769:29)
#8      AndroidProject.ensureReadyForPlatformSpecificTooling (package:flutter_tools/src/project.dart:744:13)
#9      FlutterProject.ensureReadyForPlatformSpecificTooling (package:flutter_tools/src/project.dart:381:21)
<asynchronous suspension>
#10     FlutterCommand.verifyThenRunCommand (package:flutter_tools/src/runner/flutter_command.dart:1750:7)
<asynchronous suspension>
#11     FlutterCommand.run.<anonymous closure> (package:flutter_tools/src/runner/flutter_command.dart:1408:27)
<asynchronous suspension>
#12     AppContext.run.<anonymous closure> (package:flutter_tools/src/base/context.dart:153:19)
<asynchronous suspension>
#13     CommandRunner.runCommand (package:args/command_runner.dart:212:13)
<asynchronous suspension>
#14     FlutterCommandRunner.runCommand.<anonymous closure> (package:flutter_tools/src/runner/flutter_command_runner.dart:420:9)
<asynchronous suspension>
#15     AppContext.run.<anonymous closure> (package:flutter_tools/src/base/context.dart:153:19)
<asynchronous suspension>
#16     FlutterCommandRunner.runCommand (package:flutter_tools/src/runner/flutter_command_runner.dart:364:5)
<asynchronous suspension>
#17     run.<anonymous closure>.<anonymous closure> (package:flutter_tools/runner.dart:130:9)
<asynchronous suspension>
#18     AppContext.run.<anonymous closure> (package:flutter_tools/src/base/context.dart:153:19)
<asynchronous suspension>
#19     main (package:flutter_tools/executable.dart:93:3)
<asynchronous suspension>
```

## flutter doctor

```
[32m[✓][39m Flutter (Channel stable, 3.24.3, on Microsoft Windows [Version 10.0.26120.1843], locale en-US)
    [32m•[39m Flutter version 3.24.3 on channel stable at C:\code\flutter
    [32m•[39m Upstream repository https://github.com/flutter/flutter.git
    [32m•[39m Framework revision 2663184aa7 (2 weeks ago), 2024-09-11 16:27:48 -0500
    [32m•[39m Engine revision 36335019a8
    [32m•[39m Dart version 3.5.3
    [32m•[39m DevTools version 2.37.3

[32m[✓][39m Windows Version (Installed version of Windows is version 10 or higher)

[33m[!][39m Android toolchain - develop for Android devices (Android SDK version 35.0.0)
    [32m•[39m Android SDK at C:\Users\Stephen Thompson\AppData\Local\Android\sdk
    [32m•[39m Platform android-35, build-tools 35.0.0
    [32m•[39m Java binary at: C:\Program Files\Android\Android Studio\jbr\bin\java
    [32m•[39m Java version OpenJDK Runtime Environment (build 17.0.11+0--11852314)
    [33m![39m Some Android licenses not accepted. To resolve this, run: flutter doctor --android-licenses

[32m[✓][39m Chrome - develop for the web
    [32m•[39m Chrome at C:\Program Files\Google\Chrome\Application\chrome.exe

[31m[✗][39m Visual Studio - develop Windows apps
    [31m✗[39m Visual Studio not installed; this is necessary to develop Windows apps.
      Download at https://visualstudio.microsoft.com/downloads/.
      Please install the "Desktop development with C++" workload, including all of its default components

[32m[✓][39m Android Studio (version 2024.1)
    [32m•[39m Android Studio at C:\Program Files\Android\Android Studio
    [32m•[39m Flutter plugin can be installed from:
      🔨 https://plugins.jetbrains.com/plugin/9212-flutter
    [32m•[39m Dart plugin can be installed from:
      🔨 https://plugins.jetbrains.com/plugin/6351-dart
    [32m•[39m Java version OpenJDK Runtime Environment (build 17.0.11+0--11852314)

[32m[✓][39m VS Code (version 1.93.1)
    [32m•[39m VS Code at C:\Users\Stephen Thompson\AppData\Local\Programs\Microsoft VS Code
    [32m•[39m Flutter extension version 3.96.0

[32m[✓][39m Connected device (4 available)
    [32m•[39m sdk gphone64 x86 64 (mobile) • emulator-5554 • android-x64    • Android 15 (API 35) (emulator)
    [32m•[39m Windows (desktop)            • windows       • windows-x64    • Microsoft Windows [Version 10.0.26120.1843]
    [32m•[39m Chrome (web)                 • chrome        • web-javascript • Google Chrome 129.0.6668.60
    [32m•[39m Edge (web)                   • edge          • web-javascript • Microsoft Edge 100.0.1185.36

[32m[✓][39m Network resources
    [32m•[39m All expected network resources are available.

[33m![39m Doctor found issues in 2 categories.
```
